<?xml version="1.0" encoding="UTF-8"?>
<!-- Generated by org.testng.reporters.JUnitReportReporter -->
<testsuite skipped="1" hostname="DESKTOP-HCFFR5C" name="testObj.AccountLogin" tests="1" failures="0" timestamp="17 Feb 2020 23:53:15 GMT" time="0.000" errors="0">
  <testcase name="data" time="0.000" classname="testObj.AccountLogin">
    <skipped/>
  </testcase> <!-- data -->
</testsuite> <!-- testObj.AccountLogin -->
