<?xml version="1.0" encoding="UTF-8"?>
<!-- Generated by org.testng.reporters.JUnitReportReporter -->
<testsuite skipped="0" hostname="DESKTOP-HCFFR5C" name="links.findBrokenLink" tests="1" failures="0" timestamp="26 Jan 2020 18:52:13 GMT" time="14.323" errors="0">
  <testcase name="findbrokenlinks" time="14.323" classname="links.findBrokenLink"/>
</testsuite> <!-- links.findBrokenLink -->
