<?xml version="1.0" encoding="UTF-8"?>
<!-- Generated by org.testng.reporters.JUnitReportReporter -->
<testsuite skipped="1" hostname="DESKTOP-HCFFR5C" name="links.journalpagelink" tests="1" failures="0" timestamp="10 Feb 2020 00:24:38 GMT" time="0.000" errors="0">
  <testcase name="testCheckLinks" time="0.000" classname="links.journalpagelink">
    <skipped/>
  </testcase> <!-- testCheckLinks -->
</testsuite> <!-- links.journalpagelink -->
