<?xml version="1.0" encoding="UTF-8"?>
<!-- Generated by org.testng.reporters.JUnitReportReporter -->
<testsuite skipped="0" hostname="DESKTOP-HCFFR5C" name="testObj.aboutLink" tests="1" failures="0" timestamp="26 Jan 2020 16:16:29 GMT" time="17.950" errors="0">
  <testcase name="URLCheckTest" time="17.950" classname="testObj.aboutLink"/>
</testsuite> <!-- testObj.aboutLink -->
