<?xml version="1.0" encoding="UTF-8"?>
<!-- Generated by org.testng.reporters.JUnitReportReporter -->
<testsuite skipped="0" hostname="DESKTOP-HCFFR5C" name="links.homepageLink" tests="1" failures="0" timestamp="05 May 2020 00:25:14 GMT" time="20.560" errors="0">
  <testcase name="findbrokenlinks" time="20.560" classname="links.homepageLink"/>
</testsuite> <!-- links.homepageLink -->
