<?xml version="1.0" encoding="UTF-8"?>
<!-- Generated by org.testng.reporters.JUnitReportReporter -->
<testsuite skipped="0" hostname="DESKTOP-HCFFR5C" name="links.termsOfUse" tests="1" failures="0" timestamp="26 Jan 2020 19:45:29 GMT" time="28.799" errors="0">
  <testcase name="findbrokenlinks" time="28.799" classname="links.termsOfUse"/>
</testsuite> <!-- links.termsOfUse -->
