<?xml version="1.0" encoding="UTF-8"?>
<!-- Generated by org.testng.reporters.JUnitReportReporter -->
<testsuite skipped="0" hostname="DESKTOP-HCFFR5C" name="links.homepageLink" tests="1" failures="0" timestamp="10 Feb 2020 00:30:57 GMT" time="18.966" errors="0">
  <testcase name="findbrokenlinks" time="18.966" classname="links.homepageLink"/>
</testsuite> <!-- links.homepageLink -->
