<?xml version="1.0" encoding="UTF-8"?>
<!-- Generated by org.testng.reporters.JUnitReportReporter -->
<testsuite skipped="0" hostname="DESKTOP-HCFFR5C" name="links.aboutUs" tests="1" failures="0" timestamp="26 Jan 2020 19:48:39 GMT" time="30.298" errors="0">
  <testcase name="findbrokenlinks" time="30.298" classname="links.aboutUs"/>
</testsuite> <!-- links.aboutUs -->
