<?xml version="1.0" encoding="UTF-8"?>
<!-- Generated by org.testng.reporters.JUnitReportReporter -->
<testsuite skipped="0" hostname="DESKTOP-HCFFR5C" name="links.privacyPolicyLinks" tests="1" failures="0" timestamp="26 Jan 2020 19:42:30 GMT" time="25.841" errors="0">
  <testcase name="findbrokenlinks" time="25.841" classname="links.privacyPolicyLinks"/>
</testsuite> <!-- links.privacyPolicyLinks -->
