<?xml version="1.0" encoding="UTF-8"?>
<!-- Generated by org.testng.reporters.JUnitReportReporter -->
<testsuite skipped="0" hostname="DESKTOP-HCFFR5C" name="links.homepageLink" tests="1" failures="0" timestamp="27 Jan 2020 16:19:21 GMT" time="22.056" errors="0">
  <testcase name="findbrokenlinks" time="22.056" classname="links.homepageLink"/>
</testsuite> <!-- links.homepageLink -->
