<?xml version="1.0" encoding="UTF-8"?>
<!-- Generated by org.testng.reporters.JUnitReportReporter -->
<testsuite skipped="0" hostname="DESKTOP-HCFFR5C" name="links.FQAlinks" tests="1" failures="0" timestamp="26 Jan 2020 19:58:03 GMT" time="18.808" errors="0">
  <testcase name="findbrokenlinks" time="18.808" classname="links.FQAlinks"/>
</testsuite> <!-- links.FQAlinks -->
