<?xml version="1.0" encoding="UTF-8"?>
<!-- Generated by org.testng.reporters.JUnitReportReporter -->
<testsuite skipped="0" hostname="DESKTOP-HCFFR5C" name="links.accountLoginLinks" tests="1" failures="0" timestamp="26 Jan 2020 19:36:34 GMT" time="21.744" errors="0">
  <testcase name="findbrokenlinks" time="21.744" classname="links.accountLoginLinks"/>
</testsuite> <!-- links.accountLoginLinks -->
