<?xml version="1.0" encoding="UTF-8"?>
<!-- Generated by org.testng.reporters.JUnitReportReporter -->
<testsuite skipped="0" hostname="DESKTOP-HCFFR5C" name="links.contactUsLink" tests="1" failures="0" timestamp="26 Jan 2020 19:52:49 GMT" time="22.859" errors="0">
  <testcase name="findbrokenlinks" time="22.859" classname="links.contactUsLink"/>
</testsuite> <!-- links.contactUsLink -->
